<?xml version="1.0" encoding="UTF-8"?>
<!-- Generated by org.testng.reporters.JUnitXMLReporter -->
<testsuite hostname="ADS63" name="Test" tests="4" failures="3" timestamp="9 Oct 2017 05:55:50 GMT" time="0.301" errors="0">
  <testcase name="ArthaDB_Customer_First_Last_Name_Check_TC001" time="0.012" classname="exe.ADS_Automation_Demo">
    <failure type="junit.framework.AssertionFailedError" message="CUSTOMERS-First &amp;amp; Last Name check is Failed at SSN=123-45-6782,123-45-6783, expected:&amp;lt;0&amp;gt; but was:&amp;lt;2&amp;gt;">
      <![CDATA[junit.framework.AssertionFailedError: CUSTOMERS-First & Last Name check is Failed at SSN=123-45-6782,123-45-6783, expected:<0> but was:<2>
	at junit.framework.Assert.fail(Assert.java:57)
	at junit.framework.Assert.failNotEquals(Assert.java:329)
	at junit.framework.Assert.assertEquals(Assert.java:78)
	at junit.framework.Assert.assertEquals(Assert.java:234)
	at exe.ADS_Automation_Demo.ArthaDB_Customer_First_Last_Name_Check_TC001(ADS_Automation_Demo.java:84)
... Removed 24 stack frames]]>
    </failure>
  </testcase> <!-- ArthaDB_Customer_First_Last_Name_Check_TC001 -->
  <testcase name="ArthaDB_Customers_SSN_Check_TC002" time="0.005" classname="exe.ADS_Automation_Demo">
    <failure type="junit.framework.AssertionFailedError" message="CUSTOMERS- SSN check is Failed at CustomerPK=5, expected:&amp;lt;0&amp;gt; but was:&amp;lt;1&amp;gt;">
      <![CDATA[junit.framework.AssertionFailedError: CUSTOMERS- SSN check is Failed at CustomerPK=5, expected:<0> but was:<1>
	at junit.framework.Assert.fail(Assert.java:57)
	at junit.framework.Assert.failNotEquals(Assert.java:329)
	at junit.framework.Assert.assertEquals(Assert.java:78)
	at junit.framework.Assert.assertEquals(Assert.java:234)
	at exe.ADS_Automation_Demo.ArthaDB_Customers_SSN_Check_TC002(ADS_Automation_Demo.java:124)
... Removed 24 stack frames]]>
    </failure>
  </testcase> <!-- ArthaDB_Customers_SSN_Check_TC002 -->
  <testcase name="ArthaDB_PrimaryPhoneNumber_TC003" time="0.002" classname="exe.ADS_Automation_Demo">
    <failure type="junit.framework.AssertionFailedError" message="Customer - PrimaryPhoneNumber check is Failed at SSN=123-45-6780,123-45-6781, expected:&amp;lt;0&amp;gt; but was:&amp;lt;2&amp;gt;">
      <![CDATA[junit.framework.AssertionFailedError: Customer - PrimaryPhoneNumber check is Failed at SSN=123-45-6780,123-45-6781, expected:<0> but was:<2>
	at junit.framework.Assert.fail(Assert.java:57)
	at junit.framework.Assert.failNotEquals(Assert.java:329)
	at junit.framework.Assert.assertEquals(Assert.java:78)
	at junit.framework.Assert.assertEquals(Assert.java:234)
	at exe.ADS_Automation_Demo.ArthaDB_PrimaryPhoneNumber_TC003(ADS_Automation_Demo.java:160)
... Removed 24 stack frames]]>
    </failure>
  </testcase> <!-- ArthaDB_PrimaryPhoneNumber_TC003 -->
  <testcase name="ArthaDB_Customer_Details_Update_Check_TC004" time="0.002" classname="exe.ADS_Automation_Demo"/>
</testsuite> <!-- Test -->
