<?xml version="1.0" encoding="UTF-8"?>
<!-- Generated by org.testng.reporters.JUnitXMLReporter -->
<testsuite hostname="ADS63" name="Test" tests="4" failures="0" timestamp="2 Nov 2017 06:05:33 GMT" time="26.433" errors="0">
  <testcase name="login" time="17.784" classname="exe.MDMAutomation"/>
  <testcase name="domainConfiguration" time="4.256" classname="exe.MDMAutomation"/>
  <testcase name="entitySelection" time="4.316" classname="exe.MDMAutomation"/>
  <testcase name="webTable" time="0.061" classname="exe.MDMAutomation"/>
</testsuite> <!-- Test -->
