<?xml version="1.0" encoding="UTF-8"?>
<testng-results skipped="0" failed="0" total="1" passed="1">
  <reporter-output>
  </reporter-output>
  <suite name="Suite" duration-ms="258" started-at="2017-11-01T04:27:18Z" finished-at="2017-11-01T04:27:18Z">
    <groups>
    </groups>
    <test name="Test" duration-ms="258" started-at="2017-11-01T04:27:18Z" finished-at="2017-11-01T04:27:18Z">
      <class name="exe.DetabaseTesting">
        <test-method status="PASS" signature="dbConnection()[pri:0, instance:exe.DetabaseTesting@457e2f02]" name="dbConnection" is-config="true" duration-ms="229" started-at="2017-11-01T09:57:18Z" finished-at="2017-11-01T09:57:18Z">
          <reporter-output>
          </reporter-output>
        </test-method> <!-- dbConnection -->
        <test-method status="PASS" signature="fetchData()[pri:0, instance:exe.DetabaseTesting@457e2f02]" name="fetchData" duration-ms="18" started-at="2017-11-01T09:57:18Z" finished-at="2017-11-01T09:57:18Z">
          <reporter-output>
          </reporter-output>
        </test-method> <!-- fetchData -->
        <test-method status="PASS" signature="tearDown()[pri:0, instance:exe.DetabaseTesting@457e2f02]" name="tearDown" is-config="true" duration-ms="0" started-at="2017-11-01T09:57:18Z" finished-at="2017-11-01T09:57:18Z">
          <reporter-output>
          </reporter-output>
        </test-method> <!-- tearDown -->
      </class> <!-- exe.DetabaseTesting -->
    </test> <!-- Test -->
  </suite> <!-- Suite -->
</testng-results>
